<?xml version="1.0" encoding="UTF-8"?>
<testsuites name="Mocha Tests" time="19.598" tests="1" failures="0">
  <testsuite name="Root Suite" timestamp="2021-03-09T12:43:10" tests="0" file="cypress/integration/cookies.feature" failures="0" time="0">
  </testsuite>
  <testsuite name="Close cookies windows" timestamp="2021-03-09T12:43:10" tests="1" failures="0" time="19.598">
    <testcase name="Close cookies windows Close cookies" time="19.598" classname="Close cookies">
    </testcase>
  </testsuite>
</testsuites>