<?xml version="1.0" encoding="UTF-8"?>
<testsuites name="Mocha Tests" time="0.0000" tests="1" failures="0" skipped="1">
  <testsuite name="Root Suite" timestamp="2021-03-10T13:12:50" tests="0" file="cypress/integration/cookies.feature" time="0.0000" failures="0">
  </testsuite>
  <testsuite name="Close cookies windows" timestamp="2021-03-10T13:12:50" tests="1" time="0.0000" failures="0">
  </testsuite>
</testsuites>