<?xml version="1.0" encoding="UTF-8"?>
<testsuites name="Mocha Tests" time="15.288" tests="1" failures="0">
  <testsuite name="Root Suite" timestamp="2021-03-09T16:37:18" tests="0" file="cypress/integration/register.feature" failures="0" time="0">
  </testsuite>
  <testsuite name="A user registers into the application" timestamp="2021-03-09T16:37:18" tests="1" failures="0" time="15.288">
    <testcase name="A user registers into the application A new user registers in the application successfully" time="15.288" classname="A new user registers in the application successfully">
    </testcase>
  </testsuite>
</testsuites>