<?xml version="1.0" encoding="UTF-8"?>
<testsuites name="Mocha Tests" time="0" tests="1" failures="1">
  <testsuite name="Root Suite" timestamp="2021-03-09T11:09:08" tests="0" file="cypress/integration/google-long-task/long-task-and-search.feature" failures="0" time="0">
  </testsuite>
  <testsuite name="Search Google with a Long Task before" timestamp="2021-03-09T11:09:09" tests="1" failures="1" time="0">
    <testcase name="Search Google with a Long Task before Common search" time="0" classname="Common search">
      <failure message="Timed out retrying: `cy.type()` failed because this element:

`&lt;input class=&quot;gLFyf gsfi&quot; jsaction=&quot;paste:puy29d;&quot; maxlength=&quot;2048&quot; name=&quot;q&quot; type=&quot;text&quot; aria-autocomplete=&quot;both&quot; aria-haspopup=&quot;false&quot; autocapitalize=&quot;off&quot; autocomplete=&quot;off&quot; autocorrect=&quot;off&quot; autofocus=&quot;&quot; role=&quot;combobox&quot; spellcheck=&quot;false&quot; title=&quot;Buscar&quot; value=&quot;&quot; aria-label=&quot;Buscar&quot; data-ved=&quot;0ahUKEwjh8umiiaPvAhUuz4UKHYbkBE4Q39UDCAY&quot;&gt;`

is being covered by another element:

`&lt;div class=&quot;bfcO6b&quot; id=&quot;cnsm&quot;&gt;...&lt;/div&gt;`

Fix this problem, or use {force: true} to disable error checking.

https://on.cypress.io/element-cannot-be-interacted-with" type="CypressError"><![CDATA[CypressError: Timed out retrying: `cy.type()` failed because this element:

`<input class="gLFyf gsfi" jsaction="paste:puy29d;" maxlength="2048" name="q" type="text" aria-autocomplete="both" aria-haspopup="false" autocapitalize="off" autocomplete="off" autocorrect="off" autofocus="" role="combobox" spellcheck="false" title="Buscar" value="" aria-label="Buscar" data-ved="0ahUKEwjh8umiiaPvAhUuz4UKHYbkBE4Q39UDCAY">`

is being covered by another element:

`<div class="bfcO6b" id="cnsm">...</div>`

Fix this problem, or use {force: true} to disable error checking.

https://on.cypress.io/element-cannot-be-interacted-with
    at $Cy.ensureDescendents (https://www.google.com/__cypress/runner/cypress_runner.js:161290:26)
    at ensureDescendents (https://www.google.com/__cypress/runner/cypress_runner.js:149878:8)
    at ensureDescendentsAndScroll (https://www.google.com/__cypress/runner/cypress_runner.js:149885:14)
    at ensureElIsNotCovered (https://www.google.com/__cypress/runner/cypress_runner.js:150014:5)
    at runAllChecks (https://www.google.com/__cypress/runner/cypress_runner.js:150155:52)
    at retryActionability (https://www.google.com/__cypress/runner/cypress_runner.js:150178:16)
    at tryCatcher (https://www.google.com/__cypress/runner/cypress_runner.js:10584:23)
    at Function.Promise.attempt.Promise.try (https://www.google.com/__cypress/runner/cypress_runner.js:7858:29)
    at tryFn (https://www.google.com/__cypress/runner/cypress_runner.js:165579:21)
    at whenStable (https://www.google.com/__cypress/runner/cypress_runner.js:165617:12)
    at https://www.google.com/__cypress/runner/cypress_runner.js:165112:16
    at tryCatcher (https://www.google.com/__cypress/runner/cypress_runner.js:10584:23)
    at Promise._settlePromiseFromHandler (https://www.google.com/__cypress/runner/cypress_runner.js:8519:31)
    at Promise._settlePromise (https://www.google.com/__cypress/runner/cypress_runner.js:8576:18)
    at Promise._settlePromise0 (https://www.google.com/__cypress/runner/cypress_runner.js:8621:10)
    at Promise._settlePromises (https://www.google.com/__cypress/runner/cypress_runner.js:8701:18)
From Your Spec Code:
    at Function.type (https://www.google.com/__cypress/tests?p=cypress/integration/google-long-task/long-task-and-search.feature:174:8)
    at Context.eval (https://www.google.com/__cypress/tests?p=cypress/integration/google-long-task/long-task-and-search.feature:30:32)
    at Context.resolveAndRunStepDefinition (https://www.google.com/__cypress/tests?p=cypress/integration/google-long-task/long-task-and-search.feature:11883:9)
    at Context.eval (https://www.google.com/__cypress/tests?p=cypress/integration/google-long-task/long-task-and-search.feature:11224:35)
From Your Spec Code:
    at Function.type (https://www.google.com/__cypress/tests?p=cypress/integration/google-long-task/long-task-and-search.feature:174:8)
    at Context.eval (https://www.google.com/__cypress/tests?p=cypress/integration/google-long-task/long-task-and-search.feature:30:32)
    at Context.resolveAndRunStepDefinition (https://www.google.com/__cypress/tests?p=cypress/integration/google-long-task/long-task-and-search.feature:11883:9)
    at Context.eval (https://www.google.com/__cypress/tests?p=cypress/integration/google-long-task/long-task-and-search.feature:11224:35)]]></failure>
    </testcase>
  </testsuite>
</testsuites>